This is pdfTeX, Version 3.141592653-2.6-1.40.22 (TeX Live 2022/dev/Debian) (preloaded format=latex 2023.5.1)  1 MAY 2023 23:21
entering extended mode
 restricted \write18 enabled.
 %&-line parsing enabled.
**\makeatletter\def\HCode{\futurelet\HCode\HChar}\def\HChar{\ifx"\HCode\def\HCo
de"##1"{\Link##1}\expandafter\HCode\else\expandafter\Link\fi}\def\Link#1.a.b.c.
{\AddToHook{class/before}{\RequirePackage[#1,html]{tex4ht}}\let\HCode\documents
tyle\def\documentstyle{\let\documentstyle\HCode\expandafter\def\csname tex4ht\e
ndcsname{#1,html}\def\HCode####1{\documentstyle[tex4ht,}\@ifnextchar[{\HCode}{\
documentstyle[tex4ht]}}}\makeatother\HCode xhtml,,charset=utf-8,html5.a.b.c.\in
put "\detokenize{main.tex}"
(./main.tex (/usr/share/texlive/texmf-dist/tex/generic/tex4ht/tex4ht.sty
version 2021-09-14-14:11
Package: tex4ht 
--------------------------------------
--- Note --- for _ at preamble, use the command line option `early_'
--------------------------------------
--------------------------------------
--- Note --- for ^ at preamble, use the command line option `early^'
--------------------------------------
\tmp:toks=\toks16
) (/usr/share/texlive/texmf-dist/tex/latex/base/article.cls
Document Class: article 2021/10/04 v1.4n Standard LaTeX document class
(/usr/share/texlive/texmf-dist/tex/latex/base/size10.clo
File: size10.clo 2021/10/04 v1.4n Standard LaTeX file (size option)
)
\c@part=\count185
\c@section=\count186
\c@subsection=\count187
\c@subsubsection=\count188
\c@paragraph=\count189
\c@subparagraph=\count190
\c@figure=\count191
\c@table=\count192
\abovecaptionskip=\skip47
\belowcaptionskip=\skip48
\bibindent=\dimen138
) (/usr/share/texlive/texmf-dist/tex/generic/tex4ht/usepackage.4ht
version 2022-01-11-14:12
) (/usr/share/texlive/texmf-dist/tex/generic/tex4ht/xcolor-hooks.4ht
version 2020-10-17-13:53
) (/usr/share/texlive/texmf-dist/tex/latex/xcolor/xcolor.sty
Package: xcolor 2021/10/31 v2.13 LaTeX color extensions (UK)
(/usr/share/texlive/texmf-dist/tex/latex/graphics-cfg/color.cfg
File: color.cfg 2016/01/02 v1.6 sample color configuration
)
Package xcolor Info: Driver file: dvips.def on input line 227.
(/usr/share/texlive/texmf-dist/tex/latex/graphics-def/dvips.def
File: dvips.def 2017/06/20 v3.1d Graphics/color driver for dvips
) (/usr/share/texlive/texmf-dist/tex/latex/colortbl/colortbl.sty
Package: colortbl 2020/01/04 v1.0e Color table columns (DPC)
(/usr/share/texlive/texmf-dist/tex/latex/tools/array.sty
Package: array 2021/10/04 v2.5f Tabular extension package (FMi)
\col@sep=\dimen139
\ar@mcellbox=\box50
\extrarowheight=\dimen140
\NC@list=\toks17
\extratabsurround=\skip49
\backup@length=\skip50
\ar@cellbox=\box51
)
\everycr=\toks18
\minrowclearance=\skip51
)
\rownum=\count193
Package xcolor Info: Model `cmy' substituted by `cmy0' on input line 1352.
Package xcolor Info: Model `RGB' extended on input line 1368.
Package xcolor Info: Model `HTML' substituted by `rgb' on input line 1370.
Package xcolor Info: Model `Hsb' substituted by `hsb' on input line 1371.
Package xcolor Info: Model `tHsb' substituted by `hsb' on input line 1372.
Package xcolor Info: Model `HSB' substituted by `hsb' on input line 1373.
Package xcolor Info: Model `Gray' substituted by `gray' on input line 1374.
Package xcolor Info: Model `wave' substituted by `hsb' on input line 1375.
) (/usr/share/texlive/texmf-dist/tex/latex/geometry/geometry.sty
Package: geometry 2020/01/02 v5.9 Page Geometry
(/usr/share/texlive/texmf-dist/tex/latex/graphics/keyval.sty
Package: keyval 2014/10/28 v1.15 key=value parser (DPC)
\KV@toks@=\toks19
) (/usr/share/texlive/texmf-dist/tex/generic/iftex/ifvtex.sty
Package: ifvtex 2019/10/25 v1.7 ifvtex legacy package. Use iftex instead.
(/usr/share/texlive/texmf-dist/tex/generic/iftex/iftex.sty
Package: iftex 2020/03/06 v1.0d TeX engine tests
))
\Gm@cnth=\count194
\Gm@cntv=\count195
\c@Gm@tempcnt=\count196
\Gm@bindingoffset=\dimen141
\Gm@wd@mp=\dimen142
\Gm@odd@mp=\dimen143
\Gm@even@mp=\dimen144
\Gm@layoutwidth=\dimen145
\Gm@layoutheight=\dimen146
\Gm@layouthoffset=\dimen147
\Gm@layoutvoffset=\dimen148
\Gm@dimlist=\toks20
) (/usr/share/texlive/texmf-dist/tex/latex/tools/tabularx.sty
Package: tabularx 2020/01/15 v2.11c `tabularx' package (DPC)
\TX@col@width=\dimen149
\TX@old@table=\dimen150
\TX@old@col=\dimen151
\TX@target=\dimen152
\TX@delta=\dimen153
\TX@cols=\count197
\TX@ftn=\toks21
) (/usr/share/texlive/texmf-dist/tex/latex/enumitem/enumitem.sty
Package: enumitem 2019/06/20 v3.9 Customized lists
\labelindent=\skip52
\enit@outerparindent=\dimen154
\enit@toks=\toks22
\enit@inbox=\box52
\enit@count@id=\count198
\enitdp@description=\count199
) (/usr/share/texlive/texmf-dist/tex/generic/tex4ht/hyperref-hooks.4ht
version 2021-12-11-13:37
) (/usr/share/texlive/texmf-dist/tex/latex/hyperref/hyperref.sty
Package: hyperref 2021-06-07 v7.00m Hypertext links for LaTeX
(/usr/share/texlive/texmf-dist/tex/generic/ltxcmds/ltxcmds.sty
Package: ltxcmds 2020-05-10 v1.25 LaTeX kernel commands for general use (HO)
) (/usr/share/texlive/texmf-dist/tex/generic/pdftexcmds/pdftexcmds.sty
Package: pdftexcmds 2020-06-27 v0.33 Utility functions of pdfTeX for LuaTeX (HO
)
(/usr/share/texlive/texmf-dist/tex/generic/infwarerr/infwarerr.sty
Package: infwarerr 2019/12/03 v1.5 Providing info/warning/error messages (HO)
)
Package pdftexcmds Info: \pdf@primitive is available.
Package pdftexcmds Info: \pdf@ifprimitive is available.
Package pdftexcmds Info: \pdfdraftmode is ignored in DVI mode.
) (/usr/share/texlive/texmf-dist/tex/generic/kvsetkeys/kvsetkeys.sty
Package: kvsetkeys 2019/12/15 v1.18 Key value parser (HO)
) (/usr/share/texlive/texmf-dist/tex/generic/kvdefinekeys/kvdefinekeys.sty
Package: kvdefinekeys 2019-12-19 v1.6 Define keys (HO)
) (/usr/share/texlive/texmf-dist/tex/generic/pdfescape/pdfescape.sty
Package: pdfescape 2019/12/09 v1.15 Implements pdfTeX's escape features (HO)
) (/usr/share/texlive/texmf-dist/tex/latex/hycolor/hycolor.sty
Package: hycolor 2020-01-27 v1.10 Color options for hyperref/bookmark (HO)
) (/usr/share/texlive/texmf-dist/tex/latex/letltxmacro/letltxmacro.sty
Package: letltxmacro 2019/12/03 v1.6 Let assignment for LaTeX macros (HO)
) (/usr/share/texlive/texmf-dist/tex/latex/auxhook/auxhook.sty
Package: auxhook 2019-12-17 v1.6 Hooks for auxiliary files (HO)

Package auxhook Warning: Cannot patch \document,
(auxhook)                using \AtBeginDocument instead.

) (/usr/share/texlive/texmf-dist/tex/latex/kvoptions/kvoptions.sty
Package: kvoptions 2020-10-07 v3.14 Key value format for package options (HO)
)
\@linkdim=\dimen155
\Hy@linkcounter=\count266
\Hy@pagecounter=\count267
(/usr/share/texlive/texmf-dist/tex/latex/hyperref/pd1enc.def
File: pd1enc.def 2021-06-07 v7.00m Hyperref: PDFDocEncoding definition (HO)
Now handling font encoding PD1 ...
... no UTF-8 mapping file for font encoding PD1
) (/usr/share/texlive/texmf-dist/tex/latex/hyperref/hyperref-langpatches.def
File: hyperref-langpatches.def 2021-06-07 v7.00m Hyperref: patches for babel la
nguages
) (/usr/share/texlive/texmf-dist/tex/generic/intcalc/intcalc.sty
Package: intcalc 2019/12/15 v1.3 Expandable calculations with integers (HO)
) (/usr/share/texlive/texmf-dist/tex/generic/etexcmds/etexcmds.sty
Package: etexcmds 2019/12/15 v1.7 Avoid name clashes with e-TeX commands (HO)
)
\Hy@SavedSpaceFactor=\count268
(/usr/share/texlive/texmf-dist/tex/latex/hyperref/puenc.def
File: puenc.def 2021-06-07 v7.00m Hyperref: PDF Unicode definition (HO)
Now handling font encoding PU ...
... no UTF-8 mapping file for font encoding PU
)
Package hyperref Info: Option `colorlinks' set `true' on input line 4073.
Package hyperref Info: Option `colorlinks' set `true' on input line 4073.
Package hyperref Info: Hyper figures OFF on input line 4192.
Package hyperref Info: Link nesting OFF on input line 4197.
Package hyperref Info: Hyper index ON on input line 4200.
Package hyperref Info: Plain pages OFF on input line 4207.
Package hyperref Info: Backreferencing OFF on input line 4212.
Package hyperref Info: Implicit mode ON; LaTeX internals redefined.
Package hyperref Info: Bookmarks ON on input line 4445.
\c@Hy@tempcnt=\count269
(/usr/share/texlive/texmf-dist/tex/latex/url/url.sty
\Urlmuskip=\muskip16
Package: url 2013/09/16  ver 3.4  Verb mode for urls, etc.
)
LaTeX Info: Redefining \url on input line 4804.
\XeTeXLinkMargin=\dimen156
(/usr/share/texlive/texmf-dist/tex/generic/bitset/bitset.sty
Package: bitset 2019/12/09 v1.3 Handle bit-vector datatype (HO)
(/usr/share/texlive/texmf-dist/tex/generic/bigintcalc/bigintcalc.sty
Package: bigintcalc 2019/12/15 v1.5 Expandable calculations on big integers (HO
)
))
\Fld@menulength=\count270
\Field@Width=\dimen157
\Fld@charsize=\dimen158
\Field@toks=\toks23
Package hyperref Info: Hyper figures OFF on input line 6076.
Package hyperref Info: Link nesting OFF on input line 6081.
Package hyperref Info: Hyper index ON on input line 6084.
Package hyperref Info: backreferencing OFF on input line 6091.
Package hyperref Info: Link coloring ON on input line 6094.
Package hyperref Info: Link coloring with OCG OFF on input line 6101.
Package hyperref Info: PDF/A mode OFF on input line 6106.
LaTeX Info: Redefining \ref on input line 6146.
LaTeX Info: Redefining \pageref on input line 6150.
(/usr/share/texlive/texmf-dist/tex/latex/base/atbegshi-ltx.sty
Package: atbegshi-ltx 2021/01/10 v1.0c Emulation of the original atbegshi
package with kernel methods
)
\Hy@abspage=\count271

Package hyperref Message: Stopped early.

)
Package hyperref Info: Driver: htex4ht.
(/usr/share/texlive/texmf-dist/tex/latex/hyperref/htex4ht.def
File: htex4ht.def 2021-06-07 v7.00m Hyperref driver for TeX4ht
Package hyperref Info: tex4ht is already loaded.
) (/usr/share/texlive/texmf-dist/tex/latex/base/ifthen.sty
Package: ifthen 2020/11/24 v1.1c Standard LaTeX ifthen package (DPC)
) (/usr/share/texlive/texmf-dist/tex/latex/hyperref/nameref.sty
Package: nameref 2021-04-02 v2.47 Cross-referencing by name of section
(/usr/share/texlive/texmf-dist/tex/latex/refcount/refcount.sty
Package: refcount 2019/12/15 v3.6 Data extraction from label references (HO)
) (/usr/share/texlive/texmf-dist/tex/generic/gettitlestring/gettitlestring.sty
Package: gettitlestring 2019/12/15 v1.6 Cleanup title references (HO)
)
\c@section@level=\count272
) (/usr/share/texlive/texmf-dist/tex/latex/amsmath/amsmath.sty
Package: amsmath 2021/10/15 v2.17l AMS math features
\@mathmargin=\skip53
For additional information on amsmath, use the `?' option.
(/usr/share/texlive/texmf-dist/tex/latex/amsmath/amstext.sty
Package: amstext 2021/08/26 v2.01 AMS text
(/usr/share/texlive/texmf-dist/tex/latex/amsmath/amsgen.sty
File: amsgen.sty 1999/11/30 v2.0 generic functions
\@emptytoks=\toks24
\ex@=\dimen159
)) (/usr/share/texlive/texmf-dist/tex/latex/amsmath/amsbsy.sty
Package: amsbsy 1999/11/29 v1.2d Bold Symbols
\pmbraise@=\dimen160
) (/usr/share/texlive/texmf-dist/tex/latex/amsmath/amsopn.sty
Package: amsopn 2021/08/26 v2.02 operator names
)
\inf@bad=\count273
LaTeX Info: Redefining \frac on input line 234.
\uproot@=\count274
\leftroot@=\count275
LaTeX Info: Redefining \overline on input line 399.
\classnum@=\count276
\DOTSCASE@=\count277
LaTeX Info: Redefining \ldots on input line 496.
LaTeX Info: Redefining \dots on input line 499.
LaTeX Info: Redefining \cdots on input line 620.
\Mathstrutbox@=\box53
\strutbox@=\box54
\big@size=\dimen161
LaTeX Font Info:    Redeclaring font encoding OML on input line 743.
LaTeX Font Info:    Redeclaring font encoding OMS on input line 744.
\macc@depth=\count278
\c@MaxMatrixCols=\count279
\dotsspace@=\muskip17
\c@parentequation=\count280
\dspbrk@lvl=\count281
\tag@help=\toks25
\row@=\count282
\column@=\count283
\maxfields@=\count284
\andhelp@=\toks26
\eqnshift@=\dimen162
\alignsep@=\dimen163
\tagshift@=\dimen164
\tagwidth@=\dimen165
\totwidth@=\dimen166
\lineht@=\dimen167
\@envbody=\toks27
\multlinegap=\skip54
\multlinetaggap=\skip55
\mathdisplay@stack=\toks28
LaTeX Info: Redefining \[ on input line 2938.
LaTeX Info: Redefining \] on input line 2939.
) (/usr/share/texlive/texmf-dist/tex/latex/amsfonts/amssymb.sty
Package: amssymb 2013/01/14 v3.01 AMS font symbols
(/usr/share/texlive/texmf-dist/tex/latex/amsfonts/amsfonts.sty
Package: amsfonts 2013/01/14 v3.01 Basic AMSFonts support
\symAMSa=\mathgroup4
\symAMSb=\mathgroup5
LaTeX Font Info:    Redeclaring math symbol \hbar on input line 98.
LaTeX Font Info:    Overwriting math alphabet `\mathfrak' in version `bold'
(Font)                  U/euf/m/n --> U/euf/b/n on input line 106.
)) (/usr/share/texlive/texmf-dist/tex/latex/mathtools/mathtools.sty
Package: mathtools 2021/02/02 v1.28 mathematical typesetting tools
(/usr/share/texlive/texmf-dist/tex/latex/tools/calc.sty
Package: calc 2017/05/25 v4.3 Infix arithmetic (KKT,FJ)
\calc@Acount=\count285
\calc@Bcount=\count286
\calc@Adimen=\dimen168
\calc@Bdimen=\dimen169
\calc@Askip=\skip56
\calc@Bskip=\skip57
LaTeX Info: Redefining \setlength on input line 80.
LaTeX Info: Redefining \addtolength on input line 81.
\calc@Ccount=\count287
\calc@Cskip=\skip58
) (/usr/share/texlive/texmf-dist/tex/latex/mathtools/mhsetup.sty
Package: mhsetup 2021/03/18 v1.4 programming setup (MH)
)
\g_MT_multlinerow_int=\count288
\l_MT_multwidth_dim=\dimen170
\origjot=\skip59
\l_MT_shortvdotswithinadjustabove_dim=\dimen171
\l_MT_shortvdotswithinadjustbelow_dim=\dimen172
\l_MT_above_intertext_sep=\dimen173
\l_MT_below_intertext_sep=\dimen174
\l_MT_above_shortintertext_sep=\dimen175
\l_MT_below_shortintertext_sep=\dimen176
\xmathstrut@box=\box55
\xmathstrut@dim=\dimen177
) (/usr/share/texlive/texmf-dist/tex/latex/amscls/amsthm.sty
Package: amsthm 2020/05/29 v2.20.6
\thm@style=\toks29
\thm@bodyfont=\toks30
\thm@headfont=\toks31
\thm@notefont=\toks32
\thm@headpunct=\toks33
\thm@preskip=\skip60
\thm@postskip=\skip61
\thm@headsep=\skip62
\dth@everypar=\toks34
) (/usr/share/texlive/texmf-dist/tex/latex/commath/commath.sty) (/usr/share/tex
live/texmf-dist/tex/latex/psnfss/mathpazo.sty
Package: mathpazo 2020/03/25 PSNFSS-v9.3 Palatino w/ Pazo Math (D.Puga, WaS) 
\symupright=\mathgroup6
) (/usr/share/texlive/texmf-dist/tex/latex/ltablex/ltablex.sty
Package: ltablex 2014/08/13 v1.1 Modified tabularx
(/usr/share/texlive/texmf-dist/tex/latex/tools/longtable.sty
Package: longtable 2021-09-01 v4.17 Multi-page Table package (DPC)
\LTleft=\skip63
\LTright=\skip64
\LTpre=\skip65
\LTpost=\skip66
\LTchunksize=\count289
\LTcapwidth=\dimen178
\LT@head=\box56
\LT@firsthead=\box57
\LT@foot=\box58
\LT@lastfoot=\box59
\LT@gbox=\box60
\LT@cols=\count290
\LT@rows=\count291
\c@LT@tables=\count292
\c@LT@chunks=\count293
\LT@p@ftn=\toks35
)) (/usr/share/texlive/texmf-dist/tex/latex/booktabs/booktabs.sty
Package: booktabs 2020/01/12 v1.61803398 Publication quality tables
\heavyrulewidth=\dimen179
\lightrulewidth=\dimen180
\cmidrulewidth=\dimen181
\belowrulesep=\dimen182
\belowbottomsep=\dimen183
\aboverulesep=\dimen184
\abovetopsep=\dimen185
\cmidrulesep=\dimen186
\cmidrulekern=\dimen187
\defaultaddspace=\dimen188
\@cmidla=\count294
\@cmidlb=\count295
\@aboverulesep=\dimen189
\@belowrulesep=\dimen190
\@thisruleclass=\count296
\@lastruleclass=\count297
\@thisrulewidth=\dimen191
) (/usr/share/texlive/texmf-dist/tex/generic/tex4ht/tex4ht.4ht
version 2021-06-20-15:33
--------------------------------------
--- Note --- for additional information, use the command line option `info'
--------------------------------------
::::::::::::::::::::::::::::::::::::::::::
 TeX4ht info is available in the log file 
::::::::::::::::::::::::::::::::::::::::::
) (/usr/share/texlive/texmf-dist/tex/generic/tex4ht/tex4ht.sty
version 2021-09-14-14:11
l.855 --- TeX4ht warning --- nonprimitive \everypar ---
--- needs --- tex4ht main ---
\tmp:cnt=\count298
\openout15 = `main.tmp'.

(./main.tmp)
\tmp:dim=\skip67
(./main.xref)
\:refout=\write3
\openout3 = `main.xref'.

(/usr/share/texlive/texmf-dist/tex/generic/tex4ht/html4.4ht
version 2022-02-03-14:35
--------------------------------------
--- Note --- to remove the <?xml version=...?> processing instruction use the c
ommand line option `no-VERSION'
--------------------------------------
--------------------------------------
--- Note --- to remove the DOCTYPE declaration use the command line option `no-
DOCTYPE'
--------------------------------------
) (/usr/share/texlive/texmf-dist/tex/generic/tex4ht/unicode.4ht
version 2021-06-19-14:11
) (/usr/share/texlive/texmf-dist/tex/generic/tex4ht/html4-math.4ht
version 2021-04-16-13:27
) (/usr/share/texlive/texmf-dist/tex/generic/tex4ht/html5.4ht
version 2022-01-23-07:51
)
--------------------------------------
--- Note --- for marking of the base font, use the command line option `fonts+'

--------------------------------------
--------------------------------------
--- Note --- for non active _, use the command line option `no_'
--------------------------------------
--------------------------------------
--- Note --- for _ of catcode 13, use the command line option `_13'
--------------------------------------
--------------------------------------
--- Note --- for non active ^, use the command line option `no^'
--------------------------------------
--------------------------------------
--- Note --- for ^ of catcode 13, use the command line option `^13'
--------------------------------------
(/usr/share/texlive/texmf-dist/tex/generic/tex4ht/html4.4ht
version 2022-02-03-14:35
--------------------------------------
--- Note --- to ignore CSS font decoration, use the `NoFonts' command line opti
on
--------------------------------------
--------------------------------------
--- Note --- for jpg bitmaps of pictures, use the `jpg' command line option. (C
haracter bitmaps are controled only by `g' records of tex4ht.env and `-g' switc
hes of tex4ht.c) 
--------------------------------------
--------------------------------------
--- Note --- for gif bitmaps of pictures, use the `gif' command line option. (C
haracter bitmaps are controled only by `g' records of tex4ht.env and `-g' switc
hes of tex4ht.c) 
--------------------------------------
--------------------------------------
--- Note --- for content and toc in 2 frames, use the command line option `fram
es'
--------------------------------------
--------------------------------------
--- Note --- for content, toc, and footnotes in 3 frames, use the command line 
option `frames-fn'
--------------------------------------
--------------------------------------
--- Note --- for file extension name xht, use the command line option `xht'
--------------------------------------
TeX4ht package options: xhtml,charset=utf-8,html5,html
--------------------------------------
--- Note --- To print a timestamp, use the command line option timestamp
--------------------------------------
--------------------------------------
--- Note --- to ignore CSS code, use the command line option `-css
--------------------------------------
--------------------------------------
--- Note --- for inline CSS code, use the command line option `css-in'
--------------------------------------
--------------------------------------
--- Note --- for pop ups on mouse over, use the command line option `mouseover'

--------------------------------------
--------------------------------------
--- Note --- for addressing images in a subdirectory, use the command line opti
on `imgdir:.../'
--------------------------------------
) (/usr/share/texlive/texmf-dist/tex/generic/tex4ht/unicode.4ht
version 2021-06-19-14:11
) (/usr/share/texlive/texmf-dist/tex/generic/tex4ht/html4-math.4ht
version 2021-04-16-13:27
) (/usr/share/texlive/texmf-dist/tex/generic/tex4ht/html5.4ht
version 2022-01-23-07:51
--------------------------------------
--- Note --- To print a timestamp, use the command line option timestamp
--------------------------------------
)
\:tokwrite=\toks36
\:tokpage=\toks37
--------------------------------------
--- Note --- for back links to toc, use the command line option `sections+'
--------------------------------------
--------------------------------------
--- Note --- for linear crosslinks of pages, use the command line option `next'

--------------------------------------
\openout15 = `main.4ct'.

\:tocout=\write4
\openout4 = `main.4tc'.

(/usr/share/texlive/texmf-dist/tex/generic/tex4ht/html4.4ht
version 2022-02-03-14:35
) (/usr/share/texlive/texmf-dist/tex/generic/tex4ht/unicode.4ht
version 2021-06-19-14:11
) (/usr/share/texlive/texmf-dist/tex/generic/tex4ht/html4-math.4ht
version 2021-04-16-13:27
) (/usr/share/texlive/texmf-dist/tex/generic/tex4ht/html5.4ht
version 2022-01-23-07:51
) (/usr/share/texlive/texmf-dist/tex/generic/tex4ht/latex.4ht
version 2022-02-01-14:27
LaTeX Info: Redefining \_ on input line 173.
LaTeX Info: Redefining \, on input line 792.
LaTeX Info: Redefining \; on input line 793.
LaTeX Info: Redefining \! on input line 794.
LaTeX Info: Redefining \: on input line 795.
LaTeX Info: Redefining \> on input line 796.
--------------------------------------
--- Note --- for links into captions, instead of float heads, use the command l
ine option `refcaption'
--------------------------------------
(/usr/share/texlive/texmf-dist/tex/generic/tex4ht/html4.4ht
version 2022-02-03-14:35
) (/usr/share/texlive/texmf-dist/tex/generic/tex4ht/unicode.4ht
version 2021-06-19-14:11
) (/usr/share/texlive/texmf-dist/tex/generic/tex4ht/html4-math.4ht
version 2021-04-16-13:27
) (/usr/share/texlive/texmf-dist/tex/generic/tex4ht/html5.4ht
version 2022-01-23-07:51
) (/usr/share/texlive/texmf-dist/tex/generic/tex4ht/html4.4ht
version 2022-02-03-14:35
--------------------------------------
--- Note --- For mini tocs immediately aftter the header use the command line o
ption `minitoc<'
--------------------------------------
--------------------------------------
--- Note --- for enumerated list elements with valued data, use the command lin
e option `enumerate+'
--------------------------------------
--------------------------------------
--- Note --- for enumerated list elements li's with value attributes, use the c
ommand line option `enumerate-'
--------------------------------------
--------------------------------------
--- Note --- for CSS2 code, use the command line option `css2'
--------------------------------------
--------------------------------------
--- Note --- for pictorial tabular, use the command line option `pic-tabular'
--------------------------------------
--------------------------------------
--- Note --- for bitmap fbox'es, use the command line option `pic-fbox'
--------------------------------------
--------------------------------------
--- Note --- for bitmap framebox'es, use the command line option `pic-framebox'

--------------------------------------
--------------------------------------
--- Note --- for inline footnotes use command line option `fn-in'
--------------------------------------
--------------------------------------
--- Note --- for tracing of latex font commands, use the command line option `f
onts'
--------------------------------------
--------------------------------------
--- Note --- for width specifications of tabular p entries, use the `p-width' c
ommand line option or a configuration similar to \Configure{HColWidth}{\HCode{ 
style="width:\HColWidth"}}
--------------------------------------
) (/usr/share/texlive/texmf-dist/tex/generic/tex4ht/unicode.4ht
version 2021-06-19-14:11
) (/usr/share/texlive/texmf-dist/tex/generic/tex4ht/html4-math.4ht
version 2021-04-16-13:27
--------------------------------------
--- Note --- for pictorial eqnarray, use the command line option `pic-eqnarray'

--------------------------------------
--------------------------------------
--- Note --- for pictorial array, use the command line option `pic-array'
--------------------------------------
--------------------------------------
--- Note --- for pictorial $...$ environments, use the command line option `pic
-m' (not recommended!!)
--------------------------------------
--------------------------------------
--- Note --- for pictorial $...$ and $$...$$ environments with latex alt, use t
he command line option `pic-m+' (not safe!!)
--------------------------------------
--------------------------------------
--- Note --- for pictorial array, use the command line option `pic-array'
--------------------------------------
) (/usr/share/texlive/texmf-dist/tex/generic/tex4ht/html5.4ht
version 2022-01-23-07:51
)) (/usr/share/texlive/texmf-dist/tex/generic/tex4ht/fontmath.4ht
version 2018-11-06-15:55
(/usr/share/texlive/texmf-dist/tex/generic/tex4ht/html4.4ht
version 2022-02-03-14:35
) (/usr/share/texlive/texmf-dist/tex/generic/tex4ht/unicode.4ht
version 2021-06-19-14:11
) (/usr/share/texlive/texmf-dist/tex/generic/tex4ht/html4-math.4ht
version 2021-04-16-13:27
) (/usr/share/texlive/texmf-dist/tex/generic/tex4ht/html5.4ht
version 2022-01-23-07:51
)) (/usr/share/texlive/texmf-dist/tex/generic/tex4ht/array.4ht
version 2009-05-21-09:32
(/usr/share/texlive/texmf-dist/tex/generic/tex4ht/html4.4ht
version 2022-02-03-14:35
) (/usr/share/texlive/texmf-dist/tex/generic/tex4ht/unicode.4ht
version 2021-06-19-14:11
) (/usr/share/texlive/texmf-dist/tex/generic/tex4ht/html4-math.4ht
version 2021-04-16-13:27
--------------------------------------
--- Note --- for pictorial array, use the command line option `pic-array'
--------------------------------------
) (/usr/share/texlive/texmf-dist/tex/generic/tex4ht/html5.4ht
version 2022-01-23-07:51
)) (/usr/share/texlive/texmf-dist/tex/generic/tex4ht/color.4ht
version 2022-02-01-14:27
(/usr/share/texlive/texmf-dist/tex/generic/tex4ht/html4.4ht
version 2022-02-03-14:35
) (/usr/share/texlive/texmf-dist/tex/generic/tex4ht/unicode.4ht
version 2021-06-19-14:11
) (/usr/share/texlive/texmf-dist/tex/generic/tex4ht/html4-math.4ht
version 2021-04-16-13:27
) (/usr/share/texlive/texmf-dist/tex/generic/tex4ht/html5.4ht
version 2022-01-23-07:51
)) (/usr/share/texlive/texmf-dist/tex/generic/tex4ht/colortbl.4ht
version 2021-05-06-14:12
(/usr/share/texlive/texmf-dist/tex/generic/tex4ht/xcolor-hooks.4ht
version 2020-10-17-13:53
) (/usr/share/texlive/texmf-dist/tex/generic/tex4ht/html4.4ht
version 2022-02-03-14:35
) (/usr/share/texlive/texmf-dist/tex/generic/tex4ht/unicode.4ht
version 2021-06-19-14:11
) (/usr/share/texlive/texmf-dist/tex/generic/tex4ht/html4-math.4ht
version 2021-04-16-13:27
) (/usr/share/texlive/texmf-dist/tex/generic/tex4ht/html5.4ht
version 2022-01-23-07:51
)) (/usr/share/texlive/texmf-dist/tex/generic/tex4ht/article.4ht
version 2021-05-16-09:21
(/usr/share/texlive/texmf-dist/tex/generic/tex4ht/html4.4ht
version 2022-02-03-14:35
--------------------------------------
--- Note --- for automatic sectioning pagination, use the command line option `
1', `2', `3', '4', '5', '6', or '7'
--------------------------------------
--------------------------------------
--- Note --- for files named derived from section titles, use the command line 
option `sec-filename'
--------------------------------------
--------------------------------------
--- Note --- for i-columns index, use the command line option `index=i' (e.g., 
index=2)
--------------------------------------
) (/usr/share/texlive/texmf-dist/tex/generic/tex4ht/unicode.4ht
version 2021-06-19-14:11
) (/usr/share/texlive/texmf-dist/tex/generic/tex4ht/html4-math.4ht
version 2021-04-16-13:27
) (/usr/share/texlive/texmf-dist/tex/generic/tex4ht/html5.4ht
version 2022-01-23-07:51
)) (/usr/share/texlive/texmf-dist/tex/generic/tex4ht/xcolor.4ht
version 2019-04-09-10:06
(/usr/share/texlive/texmf-dist/tex/generic/tex4ht/color.4ht
version 2022-02-01-14:27
) (/usr/share/texlive/texmf-dist/tex/generic/tex4ht/html4.4ht
version 2022-02-03-14:35
) (/usr/share/texlive/texmf-dist/tex/generic/tex4ht/unicode.4ht
version 2021-06-19-14:11
) (/usr/share/texlive/texmf-dist/tex/generic/tex4ht/html4-math.4ht
version 2021-04-16-13:27
) (/usr/share/texlive/texmf-dist/tex/generic/tex4ht/html5.4ht
version 2022-01-23-07:51
)) (/usr/share/texlive/texmf-dist/tex/generic/tex4ht/dvips.4ht
version 2009-05-21-09:32
(/usr/share/texlive/texmf-dist/tex/generic/tex4ht/html4.4ht
version 2022-02-03-14:35
) (/usr/share/texlive/texmf-dist/tex/generic/tex4ht/unicode.4ht
version 2021-06-19-14:11
) (/usr/share/texlive/texmf-dist/tex/generic/tex4ht/html4-math.4ht
version 2021-04-16-13:27
) (/usr/share/texlive/texmf-dist/tex/generic/tex4ht/html5.4ht
version 2022-01-23-07:51
)) (/usr/share/texlive/texmf-dist/tex/generic/tex4ht/geometry.4ht
version 2016-07-01-08:55
(/usr/share/texlive/texmf-dist/tex/generic/tex4ht/html4.4ht
version 2022-02-03-14:35
) (/usr/share/texlive/texmf-dist/tex/generic/tex4ht/unicode.4ht
version 2021-06-19-14:11
) (/usr/share/texlive/texmf-dist/tex/generic/tex4ht/html4-math.4ht
version 2021-04-16-13:27
) (/usr/share/texlive/texmf-dist/tex/generic/tex4ht/html5.4ht
version 2022-01-23-07:51
)) (/usr/share/texlive/texmf-dist/tex/generic/tex4ht/tabularx.4ht
version 2009-05-21-09:32
(/usr/share/texlive/texmf-dist/tex/generic/tex4ht/html4.4ht
version 2022-02-03-14:35
) (/usr/share/texlive/texmf-dist/tex/generic/tex4ht/unicode.4ht
version 2021-06-19-14:11
) (/usr/share/texlive/texmf-dist/tex/generic/tex4ht/html4-math.4ht
version 2021-04-16-13:27
) (/usr/share/texlive/texmf-dist/tex/generic/tex4ht/html5.4ht
version 2022-01-23-07:51
)) (/usr/share/texlive/texmf-dist/tex/generic/tex4ht/enumitem.4ht
version 2009-05-21-09:32
(/usr/share/texlive/texmf-dist/tex/generic/tex4ht/html4.4ht
version 2022-02-03-14:35
) (/usr/share/texlive/texmf-dist/tex/generic/tex4ht/unicode.4ht
version 2021-06-19-14:11
) (/usr/share/texlive/texmf-dist/tex/generic/tex4ht/html4-math.4ht
version 2021-04-16-13:27
) (/usr/share/texlive/texmf-dist/tex/generic/tex4ht/html5.4ht
version 2022-01-23-07:51
)) (/usr/share/texlive/texmf-dist/tex/generic/tex4ht/hyperref.4ht
version 2021-05-16-13:57
LaTeX Info: Redefining \autoref on input line 88.
\Hy@SectionHShift=\skip68
(/usr/share/texlive/texmf-dist/tex/generic/tex4ht/html4.4ht
version 2022-02-03-14:35
) (/usr/share/texlive/texmf-dist/tex/generic/tex4ht/unicode.4ht
version 2021-06-19-14:11
) (/usr/share/texlive/texmf-dist/tex/generic/tex4ht/html4-math.4ht
version 2021-04-16-13:27
) (/usr/share/texlive/texmf-dist/tex/generic/tex4ht/html5.4ht
version 2022-01-23-07:51
)) (/usr/share/texlive/texmf-dist/tex/generic/tex4ht/pd1enc.4ht
version 2009-05-21-09:32
(/usr/share/texlive/texmf-dist/tex/generic/tex4ht/html4.4ht
version 2022-02-03-14:35
) (/usr/share/texlive/texmf-dist/tex/generic/tex4ht/unicode.4ht
version 2021-06-19-14:11
) (/usr/share/texlive/texmf-dist/tex/generic/tex4ht/html4-math.4ht
version 2021-04-16-13:27
) (/usr/share/texlive/texmf-dist/tex/generic/tex4ht/html5.4ht
version 2022-01-23-07:51
)) (/usr/share/texlive/texmf-dist/tex/generic/tex4ht/url.4ht
version 2022-01-02-14:32
(/usr/share/texlive/texmf-dist/tex/generic/tex4ht/html4.4ht
version 2022-02-03-14:35
--------------------------------------
--- Note --- for URL encoding within href use the command line option `url-enc'

--------------------------------------
) (/usr/share/texlive/texmf-dist/tex/generic/tex4ht/unicode.4ht
version 2021-06-19-14:11
) (/usr/share/texlive/texmf-dist/tex/generic/tex4ht/html4-math.4ht
version 2021-04-16-13:27
) (/usr/share/texlive/texmf-dist/tex/generic/tex4ht/html5.4ht
version 2022-01-23-07:51
)) (/usr/share/texlive/texmf-dist/tex/generic/tex4ht/ifthen.4ht
version 2022-01-02-14:32
(/usr/share/texlive/texmf-dist/tex/generic/tex4ht/html4.4ht
version 2022-02-03-14:35
) (/usr/share/texlive/texmf-dist/tex/generic/tex4ht/unicode.4ht
version 2021-06-19-14:11
) (/usr/share/texlive/texmf-dist/tex/generic/tex4ht/html4-math.4ht
version 2021-04-16-13:27
) (/usr/share/texlive/texmf-dist/tex/generic/tex4ht/html5.4ht
version 2022-01-23-07:51
)) (/usr/share/texlive/texmf-dist/tex/generic/tex4ht/nameref.4ht
version 2021-02-03-14:57
(/usr/share/texlive/texmf-dist/tex/generic/tex4ht/html4.4ht
version 2022-02-03-14:35
) (/usr/share/texlive/texmf-dist/tex/generic/tex4ht/unicode.4ht
version 2021-06-19-14:11
) (/usr/share/texlive/texmf-dist/tex/generic/tex4ht/html4-math.4ht
version 2021-04-16-13:27
) (/usr/share/texlive/texmf-dist/tex/generic/tex4ht/html5.4ht
version 2022-01-23-07:51
)) (/usr/share/texlive/texmf-dist/tex/generic/tex4ht/amsmath.4ht
version 2019-12-29-14:17
\tmp:muskip=\muskip18
(/usr/share/texlive/texmf-dist/tex/generic/tex4ht/html4.4ht
version 2022-02-03-14:35
) (/usr/share/texlive/texmf-dist/tex/generic/tex4ht/unicode.4ht
version 2021-06-19-14:11
) (/usr/share/texlive/texmf-dist/tex/generic/tex4ht/html4-math.4ht
version 2021-04-16-13:27
LaTeX Info: Redefining \[ on input line 504.
LaTeX Info: Redefining \] on input line 504.
) (/usr/share/texlive/texmf-dist/tex/generic/tex4ht/html5.4ht
version 2022-01-23-07:51
)) (/usr/share/texlive/texmf-dist/tex/generic/tex4ht/amstext.4ht
version 2009-05-21-09:32
(/usr/share/texlive/texmf-dist/tex/generic/tex4ht/html4.4ht
version 2022-02-03-14:35
) (/usr/share/texlive/texmf-dist/tex/generic/tex4ht/unicode.4ht
version 2021-06-19-14:11
) (/usr/share/texlive/texmf-dist/tex/generic/tex4ht/html4-math.4ht
version 2021-04-16-13:27
) (/usr/share/texlive/texmf-dist/tex/generic/tex4ht/html5.4ht
version 2022-01-23-07:51
)) (/usr/share/texlive/texmf-dist/tex/generic/tex4ht/amsbsy.4ht
version 2009-05-21-09:32
(/usr/share/texlive/texmf-dist/tex/generic/tex4ht/html4.4ht
version 2022-02-03-14:35
) (/usr/share/texlive/texmf-dist/tex/generic/tex4ht/unicode.4ht
version 2021-06-19-14:11
) (/usr/share/texlive/texmf-dist/tex/generic/tex4ht/html4-math.4ht
version 2021-04-16-13:27
) (/usr/share/texlive/texmf-dist/tex/generic/tex4ht/html5.4ht
version 2022-01-23-07:51
)) (/usr/share/texlive/texmf-dist/tex/generic/tex4ht/amsopn.4ht
version 2009-05-21-09:32
(/usr/share/texlive/texmf-dist/tex/generic/tex4ht/html4.4ht
version 2022-02-03-14:35
) (/usr/share/texlive/texmf-dist/tex/generic/tex4ht/unicode.4ht
version 2021-06-19-14:11
) (/usr/share/texlive/texmf-dist/tex/generic/tex4ht/html4-math.4ht
version 2021-04-16-13:27
) (/usr/share/texlive/texmf-dist/tex/generic/tex4ht/html5.4ht
version 2022-01-23-07:51
)) (/usr/share/texlive/texmf-dist/tex/generic/tex4ht/amssymb.4ht
version 2009-05-21-09:32
(/usr/share/texlive/texmf-dist/tex/generic/tex4ht/html4.4ht
version 2022-02-03-14:35
) (/usr/share/texlive/texmf-dist/tex/generic/tex4ht/unicode.4ht
version 2021-06-19-14:11
) (/usr/share/texlive/texmf-dist/tex/generic/tex4ht/html4-math.4ht
version 2021-04-16-13:27
) (/usr/share/texlive/texmf-dist/tex/generic/tex4ht/html5.4ht
version 2022-01-23-07:51
)) (/usr/share/texlive/texmf-dist/tex/generic/tex4ht/amsfonts.4ht
version 2009-05-21-09:32
(/usr/share/texlive/texmf-dist/tex/generic/tex4ht/html4.4ht
version 2022-02-03-14:35
) (/usr/share/texlive/texmf-dist/tex/generic/tex4ht/unicode.4ht
version 2021-06-19-14:11
) (/usr/share/texlive/texmf-dist/tex/generic/tex4ht/html4-math.4ht
version 2021-04-16-13:27
) (/usr/share/texlive/texmf-dist/tex/generic/tex4ht/html5.4ht
version 2022-01-23-07:51
)) (/usr/share/texlive/texmf-dist/tex/generic/tex4ht/mathtools.4ht
version 2021-06-20-09:36
(/usr/share/texlive/texmf-dist/tex/generic/tex4ht/html4.4ht
version 2022-02-03-14:35
) (/usr/share/texlive/texmf-dist/tex/generic/tex4ht/unicode.4ht
version 2021-06-19-14:11
) (/usr/share/texlive/texmf-dist/tex/generic/tex4ht/html4-math.4ht
version 2021-04-16-13:27
) (/usr/share/texlive/texmf-dist/tex/generic/tex4ht/html5.4ht
version 2022-01-23-07:51
)) (/usr/share/texlive/texmf-dist/tex/generic/tex4ht/amsthm.4ht
version 2009-05-21-09:32
(/usr/share/texlive/texmf-dist/tex/generic/tex4ht/html4.4ht
version 2022-02-03-14:35
) (/usr/share/texlive/texmf-dist/tex/generic/tex4ht/unicode.4ht
version 2021-06-19-14:11
) (/usr/share/texlive/texmf-dist/tex/generic/tex4ht/html4-math.4ht
version 2021-04-16-13:27
) (/usr/share/texlive/texmf-dist/tex/generic/tex4ht/html5.4ht
version 2022-01-23-07:51
)) (/usr/share/texlive/texmf-dist/tex/generic/tex4ht/longtable.4ht
version 2021-09-26-14:15
\LT:box=\box61
\LT:ebox=\box62
\tmp:bx=\box63
(/usr/share/texlive/texmf-dist/tex/generic/tex4ht/html4.4ht
version 2022-02-03-14:35
--------------------------------------
--- Note --- for pictorial longtable, use the command line option `pic-longtabl
e'
--------------------------------------
) (/usr/share/texlive/texmf-dist/tex/generic/tex4ht/unicode.4ht
version 2021-06-19-14:11
) (/usr/share/texlive/texmf-dist/tex/generic/tex4ht/html4-math.4ht
version 2021-04-16-13:27
) (/usr/share/texlive/texmf-dist/tex/generic/tex4ht/html5.4ht
version 2022-01-23-07:51
)) (/usr/share/texlive/texmf-dist/tex/generic/tex4ht/booktabs.4ht
version 2009-05-21-09:32
(/usr/share/texlive/texmf-dist/tex/generic/tex4ht/html4.4ht
version 2022-02-03-14:35
) (/usr/share/texlive/texmf-dist/tex/generic/tex4ht/unicode.4ht
version 2021-06-19-14:11
) (/usr/share/texlive/texmf-dist/tex/generic/tex4ht/html4-math.4ht
version 2021-04-16-13:27
) (/usr/share/texlive/texmf-dist/tex/generic/tex4ht/html5.4ht
version 2022-01-23-07:51
)) (/usr/share/texlive/texmf-dist/tex/generic/tex4ht/html4.4ht
version 2022-02-03-14:35
) (/usr/share/texlive/texmf-dist/tex/generic/tex4ht/unicode.4ht
version 2021-06-19-14:11
) (/usr/share/texlive/texmf-dist/tex/generic/tex4ht/html4-math.4ht
version 2021-04-16-13:27
) (/usr/share/texlive/texmf-dist/tex/generic/tex4ht/html5.4ht
version 2022-01-23-07:51
)) (/usr/share/texlive/texmf-dist/tex/latex/l3backend/l3backend-dvips.def
File: l3backend-dvips.def 2022-01-12 L3 backend support: dvips
\l__pdf_internal_box=\box64
\g__pdf_backend_object_int=\count299
\l__pdf_backend_content_box=\box65
\l__pdf_backend_model_box=\box66
\g__pdf_backend_annotation_int=\count300
\g__pdf_backend_link_int=\count301
\g__pdf_backend_link_sf_int=\count302
) (./main.aux)
\openout1 = `main.aux'.

LaTeX Font Info:    Checking defaults for OML/cmm/m/it on input line 51.
LaTeX Font Info:    ... okay on input line 51.
LaTeX Font Info:    Checking defaults for OMS/cmsy/m/n on input line 51.
LaTeX Font Info:    ... okay on input line 51.
LaTeX Font Info:    Checking defaults for OT1/cmr/m/n on input line 51.
LaTeX Font Info:    ... okay on input line 51.
LaTeX Font Info:    Checking defaults for T1/cmr/m/n on input line 51.
LaTeX Font Info:    ... okay on input line 51.
LaTeX Font Info:    Checking defaults for TS1/cmr/m/n on input line 51.
LaTeX Font Info:    ... okay on input line 51.
LaTeX Font Info:    Checking defaults for OMX/cmex/m/n on input line 51.
LaTeX Font Info:    ... okay on input line 51.
LaTeX Font Info:    Checking defaults for U/cmr/m/n on input line 51.
LaTeX Font Info:    ... okay on input line 51.
LaTeX Font Info:    Checking defaults for PD1/pdf/m/n on input line 51.
LaTeX Font Info:    ... okay on input line 51.
LaTeX Font Info:    Checking defaults for PU/pdf/m/n on input line 51.
LaTeX Font Info:    ... okay on input line 51.
*geometry* driver: auto-detecting
*geometry* detected driver: dvips
*geometry* verbose mode - [ preamble ] result:
* driver: dvips
* paper: <default>
* layout: <same size as paper>
* layoutoffset:(h,v)=(0.0pt,0.0pt)
* modes: 
* h-part:(L,W,R)=(36.135pt, 542.02501pt, 36.135pt)
* v-part:(T,H,B)=(36.135pt, 722.7pt, 36.135pt)
* \paperwidth=614.295pt
* \paperheight=794.96999pt
* \textwidth=542.02501pt
* \textheight=722.7pt
* \oddsidemargin=0.0pt
* \evensidemargin=0.0pt
* \topmargin=-73.135pt
* \headheight=12.0pt
* \headsep=25.0pt
* \topskip=10.0pt
* \footskip=30.0pt
* \marginparwidth=65.0pt
* \marginparsep=11.0pt
* \columnsep=10.0pt
* \skip\footins=9.0pt plus 4.0pt minus 2.0pt
* \hoffset=0.0pt
* \voffset=0.0pt
* \mag=1000
* \@twocolumnfalse
* \@twosidefalse
* \@mparswitchfalse
* \@reversemarginfalse
* (1in=72.27pt=25.4mm, 1cm=28.453pt)

Package hyperref Info: Link coloring ON on input line 51.
LaTeX Info: Redefining \ref on input line 51.
LaTeX Info: Redefining \pageref on input line 51.
LaTeX Info: Redefining \nameref on input line 51.
(/usr/share/texlive/texmf-dist/tex/latex/graphics/graphicx.sty
Package: graphicx 2021/09/16 v1.2d Enhanced LaTeX Graphics (DPC,SPQR)
(/usr/share/texlive/texmf-dist/tex/generic/tex4ht/graphics-hooks.4ht
version 2020-10-17-13:53
) (/usr/share/texlive/texmf-dist/tex/latex/graphics/graphics.sty
Package: graphics 2021/03/04 v1.4d Standard LaTeX Graphics (DPC,SPQR)
(/usr/share/texlive/texmf-dist/tex/latex/graphics/trig.sty
Package: trig 2021/08/11 v1.11 sin cos tan (DPC)
) (/usr/share/texlive/texmf-dist/tex/latex/graphics-cfg/graphics.cfg
File: graphics.cfg 2016/06/04 v1.11 sample graphics configuration
)
Package graphics Info: Driver file: dvips.def on input line 107.
)
\Gin@req@height=\dimen192
\Gin@req@width=\dimen193
)
--- file main.css ---
[1

] [2]
LaTeX Font Info:    Trying to load font information for OT1+pplx on input line 
55.
(/usr/share/texlive/texmf-dist/tex/latex/psnfss/ot1pplx.fd
File: ot1pplx.fd 2004/09/06 font definitions for OT1/pplx.
)
LaTeX Font Info:    Trying to load font information for OML+zplm on input line 
55.
(/usr/share/texlive/texmf-dist/tex/latex/psnfss/omlzplm.fd
File: omlzplm.fd 2002/09/08 Fontinst v1.914 font definitions for OML/zplm.
)
LaTeX Font Info:    Trying to load font information for OMS+zplm on input line 
55.
(/usr/share/texlive/texmf-dist/tex/latex/psnfss/omszplm.fd
File: omszplm.fd 2002/09/08 Fontinst v1.914 font definitions for OMS/zplm.
)
LaTeX Font Info:    Trying to load font information for OMX+zplm on input line 
55.
(/usr/share/texlive/texmf-dist/tex/latex/psnfss/omxzplm.fd
File: omxzplm.fd 2002/09/08 Fontinst v1.914 font definitions for OMX/zplm.
)
LaTeX Font Info:    Font shape `U/msa/m/n' will be
(Font)              scaled to size 12.50409pt on input line 55.
LaTeX Font Info:    Font shape `U/msa/m/n' will be
(Font)              scaled to size 9.37807pt on input line 55.
LaTeX Font Info:    Font shape `U/msa/m/n' will be
(Font)              scaled to size 7.29405pt on input line 55.
LaTeX Font Info:    Font shape `U/msb/m/n' will be
(Font)              scaled to size 12.50409pt on input line 55.
LaTeX Font Info:    Font shape `U/msb/m/n' will be
(Font)              scaled to size 9.37807pt on input line 55.
LaTeX Font Info:    Font shape `U/msb/m/n' will be
(Font)              scaled to size 7.29405pt on input line 55.
LaTeX Font Info:    Trying to load font information for OT1+zplm on input line 
55.
(/usr/share/texlive/texmf-dist/tex/latex/psnfss/ot1zplm.fd
File: ot1zplm.fd 2002/09/08 Fontinst v1.914 font definitions for OT1/zplm.
)

LaTeX Warning: No \author given.

LaTeX Font Info:    Trying to load font information for TS1+cmss on input line 
66.
(/usr/share/texlive/texmf-dist/tex/latex/base/ts1cmss.fd
File: ts1cmss.fd 2019/12/16 v2.5j Standard LaTeX font definitions
) (./symbols.tex (/usr/share/texlive/texmf-dist/tex/latex/psnfss/ufplmbb.fd)) (
./symbols.tex) (./symbols.tex) (./symbols.tex
l. 31 Writing main.idv[31] (main30x.png)
l. 53 Writing main.idv[32] (main31x.png)
l. 65 Writing main.idv[33] (main32x.png)
l. 82 Writing main.idv[34] (main33x.png)
l. 113 Writing main.idv[35] (main34x.png)
l. 113 Writing main.idv[36] (main35x.png)
l. 113 Writing main.idv[37] (main36x.png)
l. 143 Writing main.idv[38] (main37x.png)
l. 143 Writing main.idv[39] (main38x.png)
l. 156 Writing main.idv[40] (main39x.png)
) [3] [4] [5] [6] [7] [8] (./theorems.tex) (./theorems.tex) (./theorems.tex) (.
/theorems.tex
l. 59 Writing main.idv[50] (main49x.png)
l. 59 Writing main.idv[51] (main50x.png)
l. 59 Writing main.idv[52] (main51x.png)
) [9] [10] (./terms.tex) (./terms.tex) (./terms.tex) (./terms.tex
l. 27 Writing main.idv[155] (main154x.png)
l. 27 Writing main.idv[156] (main155x.png)
l. 27 Writing main.idv[157] (main156x.png)
l. 27 Writing main.idv[158] (main157x.png)
l. 27 Writing main.idv[159] (main158x.png)
l. 66 Writing main.idv[160] (main159x.png)
l. 145 Writing main.idv[161] (main160x.png)
l. 145 Writing main.idv[162] (main161x.png)
l. 145 Writing main.idv[163] (main162x.png)
l. 145 Writing main.idv[164] (main163x.png)
l. 145 Writing main.idv[165] (main164x.png)
l. 145 Writing main.idv[166] (main165x.png)
l. 207 Writing main.idv[167] (main166x.png)
l. 207 Writing main.idv[168] (main167x.png)
l. 207 Writing main.idv[169] (main168x.png)
l. 207 Writing main.idv[170] (main169x.png)
l. 207 Writing main.idv[171] (main170x.png)
l. 207 Writing main.idv[172] (main171x.png)
l. 207 Writing main.idv[173] (main172x.png)
l. 207 Writing main.idv[174] (main173x.png)
l. 207 Writing main.idv[175] (main174x.png)
l. 207 Writing main.idv[176] (main175x.png)
l. 237 Writing main.idv[177] (main176x.png)
l. 277 Writing main.idv[178] (main177x.png)
l. 337 Writing main.idv[179] (main178x.png)
l. 337 Writing main.idv[180] (main179x.png)
l. 395 Writing main.idv[181] (main180x.png)
l. 395 Writing main.idv[182] (main181x.png)
l. 395 Writing main.idv[183] (main182x.png)
l. 395 Writing main.idv[184] (main183x.png)
l. 395 Writing main.idv[185] (main184x.png)
l. 422 Writing main.idv[186] (main185x.png)
l. 422 Writing main.idv[187] (main186x.png)
l. 457 Writing main.idv[188] (main187x.png)
) [11] [12] [13] [14] [15] [16] [17] [18] [19] [20] [21] [22] [23] [24] (./main
.aux)

LaTeX Font Warning: Some font shapes were not available, defaults substituted.

 ) 
Here is how much of TeX's memory you used:
 16564 strings out of 478288
 247685 string characters out of 5849316
 798391 words of memory out of 5000000
 34239 multiletter control sequences out of 15000+600000
 495558 words of font info for 109 fonts, out of 8000000 for 9000
 1141 hyphenation exceptions out of 8191
 66i,22n,88p,972b,1020s stack positions out of 5000i,500n,10000p,200000b,80000s

Output written on main.dvi (24 pages, 145500 bytes).
